<?xml version="1.0" encoding="UTF-8"?>
<testsuite xmlns:xsi="http://www.w3.org/2001/XMLSchema-instance" xsi:noNamespaceSchemaLocation="https://maven.apache.org/surefire/maven-surefire-plugin/xsd/surefire-test-report.xsd" name="runner.TestRunner" time="30.031" tests="0" errors="0" skipped="0" failures="0">
  <properties>
    <property name="sun.desktop" value="windows"/>
    <property name="awt.toolkit" value="sun.awt.windows.WToolkit"/>
    <property name="log4j.configuration" value="file:F:\Ether\Ether\QA\parata-database-testing-qa/log4j.properties"/>
    <property name="java.specification.version" value="11"/>
    <property name="sun.cpu.isalist" value="amd64"/>
    <property name="sun.jnu.encoding" value="Cp1252"/>
    <property name="java.class.path" value="F:\Ether\Ether\QA\parata-database-testing-qa\target\test-classes;F:\Ether\Ether\QA\parata-database-testing-qa\target\classes;C:\Users\vdr_sakando\.m2\repository\com\qmetry\qaf-cucumber\3.0.0\qaf-cucumber-3.0.0.jar;C:\Users\vdr_sakando\.m2\repository\com\qmetry\qaf\3.0.0\qaf-3.0.0.jar;C:\Users\vdr_sakando\.m2\repository\org\hamcrest\hamcrest-core\1.3\hamcrest-core-1.3.jar;C:\Users\vdr_sakando\.m2\repository\org\hamcrest\hamcrest-library\1.3\hamcrest-library-1.3.jar;C:\Users\vdr_sakando\.m2\repository\com\sun\jersey\jersey-client\1.19\jersey-client-1.19.jar;C:\Users\vdr_sakando\.m2\repository\com\sun\jersey\jersey-core\1.19\jersey-core-1.19.jar;C:\Users\vdr_sakando\.m2\repository\javax\ws\rs\jsr311-api\1.1.1\jsr311-api-1.1.1.jar;C:\Users\vdr_sakando\.m2\repository\com\sun\jersey\contribs\jersey-multipart\1.19\jersey-multipart-1.19.jar;C:\Users\vdr_sakando\.m2\repository\org\jvnet\mimepull\mimepull\1.9.3\mimepull-1.9.3.jar;C:\Users\vdr_sakando\.m2\repository\com\sun\jersey\contribs\jersey-apache-client\1.17.1\jersey-apache-client-1.17.1.jar;C:\Users\vdr_sakando\.m2\repository\commons-httpclient\commons-httpclient\3.1\commons-httpclient-3.1.jar;C:\Users\vdr_sakando\.m2\repository\org\aspectj\aspectjrt\1.8.9\aspectjrt-1.8.9.jar;C:\Users\vdr_sakando\.m2\repository\org\aspectj\aspectjweaver\1.8.9\aspectjweaver-1.8.9.jar;C:\Users\vdr_sakando\.m2\repository\org\aspectj\aspectjtools\1.8.9\aspectjtools-1.8.9.jar;C:\Users\vdr_sakando\.m2\repository\net\sourceforge\jexcelapi\jxl\2.6.12\jxl-2.6.12.jar;C:\Users\vdr_sakando\.m2\repository\commons-configuration\commons-configuration\1.7\commons-configuration-1.7.jar;C:\Users\vdr_sakando\.m2\repository\commons-collections\commons-collections\3.2.1\commons-collections-3.2.1.jar;C:\Users\vdr_sakando\.m2\repository\commons-digester\commons-digester\1.8.1\commons-digester-1.8.1.jar;C:\Users\vdr_sakando\.m2\repository\commons-beanutils\commons-beanutils\1.8.3\commons-beanutils-1.8.3.jar;C:\Users\vdr_sakando\.m2\repository\commons-lang\commons-lang\2.6\commons-lang-2.6.jar;C:\Users\vdr_sakando\.m2\repository\commons-io\commons-io\2.5\commons-io-2.5.jar;C:\Users\vdr_sakando\.m2\repository\org\testng\testng\6.10\testng-6.10.jar;C:\Users\vdr_sakando\.m2\repository\com\beust\jcommander\1.48\jcommander-1.48.jar;C:\Users\vdr_sakando\.m2\repository\com\google\inject\guice\3.0\guice-3.0.jar;C:\Users\vdr_sakando\.m2\repository\aopalliance\aopalliance\1.0\aopalliance-1.0.jar;C:\Users\vdr_sakando\.m2\repository\velocity\velocity-dep\1.4\velocity-dep-1.4.jar;C:\Users\vdr_sakando\.m2\repository\org\seleniumhq\selenium\selenium-remote-driver\3.0.0\selenium-remote-driver-3.0.0.jar;C:\Users\vdr_sakando\.m2\repository\org\seleniumhq\selenium\selenium-api\3.0.0\selenium-api-3.0.0.jar;C:\Users\vdr_sakando\.m2\repository\cglib\cglib-nodep\3.2.4\cglib-nodep-3.2.4.jar;C:\Users\vdr_sakando\.m2\repository\org\apache\commons\commons-exec\1.3\commons-exec-1.3.jar;C:\Users\vdr_sakando\.m2\repository\com\google\guava\guava\19.0\guava-19.0.jar;C:\Users\vdr_sakando\.m2\repository\net\java\dev\jna\jna-platform\4.1.0\jna-platform-4.1.0.jar;C:\Users\vdr_sakando\.m2\repository\net\java\dev\jna\jna\4.1.0\jna-4.1.0.jar;C:\Users\vdr_sakando\.m2\repository\org\seleniumhq\selenium\selenium-java\3.0.0\selenium-java-3.0.0.jar;C:\Users\vdr_sakando\.m2\repository\org\seleniumhq\selenium\selenium-chrome-driver\3.0.0\selenium-chrome-driver-3.0.0.jar;C:\Users\vdr_sakando\.m2\repository\org\seleniumhq\selenium\selenium-edge-driver\3.0.0\selenium-edge-driver-3.0.0.jar;C:\Users\vdr_sakando\.m2\repository\org\seleniumhq\selenium\selenium-firefox-driver\3.0.0\selenium-firefox-driver-3.0.0.jar;C:\Users\vdr_sakando\.m2\repository\org\seleniumhq\selenium\selenium-ie-driver\3.0.0\selenium-ie-driver-3.0.0.jar;C:\Users\vdr_sakando\.m2\repository\org\seleniumhq\selenium\selenium-opera-driver\3.0.0\selenium-opera-driver-3.0.0.jar;C:\Users\vdr_sakando\.m2\repository\org\seleniumhq\selenium\selenium-safari-driver\3.0.0\selenium-safari-driver-3.0.0.jar;C:\Users\vdr_sakando\.m2\repository\io\netty\netty\3.5.7.Final\netty-3.5.7.Final.jar;C:\Users\vdr_sakando\.m2\repository\org\seleniumhq\selenium\selenium-support\3.0.0\selenium-support-3.0.0.jar;C:\Users\vdr_sakando\.m2\repository\org\json\json\20180813\json-20180813.jar;C:\Users\vdr_sakando\.m2\repository\io\cucumber\gherkin\5.2.0\gherkin-5.2.0.jar;C:\Users\vdr_sakando\.m2\repository\io\cucumber\gherkin-jvm-deps\1.0.6\gherkin-jvm-deps-1.0.6.jar;C:\Users\vdr_sakando\.m2\repository\io\cucumber\cucumber-java\5.7.0\cucumber-java-5.7.0.jar;C:\Users\vdr_sakando\.m2\repository\io\cucumber\cucumber-core\5.7.0\cucumber-core-5.7.0.jar;C:\Users\vdr_sakando\.m2\repository\io\cucumber\cucumber-gherkin\5.7.0\cucumber-gherkin-5.7.0.jar;C:\Users\vdr_sakando\.m2\repository\io\cucumber\cucumber-gherkin-vintage\5.7.0\cucumber-gherkin-vintage-5.7.0.jar;C:\Users\vdr_sakando\.m2\repository\io\cucumber\tag-expressions\2.0.4\tag-expressions-2.0.4.jar;C:\Users\vdr_sakando\.m2\repository\io\cucumber\cucumber-expressions\8.3.1\cucumber-expressions-8.3.1.jar;C:\Users\vdr_sakando\.m2\repository\io\cucumber\datatable\3.3.1\datatable-3.3.1.jar;C:\Users\vdr_sakando\.m2\repository\io\cucumber\cucumber-plugin\5.7.0\cucumber-plugin-5.7.0.jar;C:\Users\vdr_sakando\.m2\repository\io\cucumber\docstring\5.7.0\docstring-5.7.0.jar;C:\Users\vdr_sakando\.m2\repository\org\apiguardian\apiguardian-api\1.1.0\apiguardian-api-1.1.0.jar;C:\Users\vdr_sakando\.m2\repository\io\cucumber\cucumber-junit\5.7.0\cucumber-junit-5.7.0.jar;C:\Users\vdr_sakando\.m2\repository\junit\junit\4.13\junit-4.13.jar;C:\Users\vdr_sakando\.m2\repository\io\cucumber\cucumber-picocontainer\5.7.0\cucumber-picocontainer-5.7.0.jar;C:\Users\vdr_sakando\.m2\repository\org\picocontainer\picocontainer\2.15\picocontainer-2.15.jar;C:\Users\vdr_sakando\.m2\repository\io\rest-assured\rest-assured\4.4.0\rest-assured-4.4.0.jar;C:\Users\vdr_sakando\.m2\repository\org\codehaus\groovy\groovy\3.0.8\groovy-3.0.8.jar;C:\Users\vdr_sakando\.m2\repository\org\codehaus\groovy\groovy-xml\3.0.8\groovy-xml-3.0.8.jar;C:\Users\vdr_sakando\.m2\repository\org\apache\httpcomponents\httpclient\4.5.13\httpclient-4.5.13.jar;C:\Users\vdr_sakando\.m2\repository\org\apache\httpcomponents\httpcore\4.4.13\httpcore-4.4.13.jar;C:\Users\vdr_sakando\.m2\repository\commons-logging\commons-logging\1.2\commons-logging-1.2.jar;C:\Users\vdr_sakando\.m2\repository\commons-codec\commons-codec\1.11\commons-codec-1.11.jar;C:\Users\vdr_sakando\.m2\repository\org\apache\httpcomponents\httpmime\4.5.13\httpmime-4.5.13.jar;C:\Users\vdr_sakando\.m2\repository\org\hamcrest\hamcrest\2.1\hamcrest-2.1.jar;C:\Users\vdr_sakando\.m2\repository\org\ccil\cowan\tagsoup\tagsoup\1.2.1\tagsoup-1.2.1.jar;C:\Users\vdr_sakando\.m2\repository\io\rest-assured\json-path\4.4.0\json-path-4.4.0.jar;C:\Users\vdr_sakando\.m2\repository\org\codehaus\groovy\groovy-json\3.0.8\groovy-json-3.0.8.jar;C:\Users\vdr_sakando\.m2\repository\io\rest-assured\rest-assured-common\4.4.0\rest-assured-common-4.4.0.jar;C:\Users\vdr_sakando\.m2\repository\io\rest-assured\xml-path\4.4.0\xml-path-4.4.0.jar;C:\Users\vdr_sakando\.m2\repository\org\apache\commons\commons-lang3\3.11\commons-lang3-3.11.jar;C:\Users\vdr_sakando\.m2\repository\jakarta\xml\bind\jakarta.xml.bind-api\2.3.3\jakarta.xml.bind-api-2.3.3.jar;C:\Users\vdr_sakando\.m2\repository\jakarta\activation\jakarta.activation-api\1.2.2\jakarta.activation-api-1.2.2.jar;C:\Users\vdr_sakando\.m2\repository\com\sun\xml\bind\jaxb-impl\2.3.3\jaxb-impl-2.3.3.jar;C:\Users\vdr_sakando\.m2\repository\net\javacrumbs\json-unit\json-unit-assertj\2.28.0\json-unit-assertj-2.28.0.jar;C:\Users\vdr_sakando\.m2\repository\net\javacrumbs\json-unit\json-unit-core\2.28.0\json-unit-core-2.28.0.jar;C:\Users\vdr_sakando\.m2\repository\org\assertj\assertj-core\3.20.2\assertj-core-3.20.2.jar;C:\Users\vdr_sakando\.m2\repository\net\javacrumbs\json-unit\json-unit-json-path\2.28.0\json-unit-json-path-2.28.0.jar;C:\Users\vdr_sakando\.m2\repository\com\google\code\gson\gson\2.8.9\gson-2.8.9.jar;C:\Users\vdr_sakando\.m2\repository\org\slf4j\slf4j-log4j12\1.7.32\slf4j-log4j12-1.7.32.jar;C:\Users\vdr_sakando\.m2\repository\org\slf4j\slf4j-api\1.7.32\slf4j-api-1.7.32.jar;C:\Users\vdr_sakando\.m2\repository\log4j\log4j\1.2.17\log4j-1.2.17.jar;C:\Users\vdr_sakando\.m2\repository\com\jayway\jsonpath\json-path\2.6.0\json-path-2.6.0.jar;C:\Users\vdr_sakando\.m2\repository\net\minidev\json-smart\2.4.7\json-smart-2.4.7.jar;C:\Users\vdr_sakando\.m2\repository\net\minidev\accessors-smart\2.4.7\accessors-smart-2.4.7.jar;C:\Users\vdr_sakando\.m2\repository\org\ow2\asm\asm\9.1\asm-9.1.jar;C:\Users\vdr_sakando\.m2\repository\com\microsoft\sqlserver\mssql-jdbc\6.1.0.jre8\mssql-jdbc-6.1.0.jre8.jar;C:\Users\vdr_sakando\.m2\repository\com\microsoft\azure\azure-keyvault\0.9.3\azure-keyvault-0.9.3.jar;C:\Users\vdr_sakando\.m2\repository\com\microsoft\azure\azure-core\0.9.3\azure-core-0.9.3.jar;C:\Users\vdr_sakando\.m2\repository\javax\mail\mail\1.4.5\mail-1.4.5.jar;C:\Users\vdr_sakando\.m2\repository\javax\activation\activation\1.1\activation-1.1.jar;C:\Users\vdr_sakando\.m2\repository\com\sun\jersey\jersey-json\1.13\jersey-json-1.13.jar;C:\Users\vdr_sakando\.m2\repository\org\codehaus\jettison\jettison\1.1\jettison-1.1.jar;C:\Users\vdr_sakando\.m2\repository\stax\stax-api\1.0.1\stax-api-1.0.1.jar;C:\Users\vdr_sakando\.m2\repository\org\codehaus\jackson\jackson-core-asl\1.9.2\jackson-core-asl-1.9.2.jar;C:\Users\vdr_sakando\.m2\repository\org\codehaus\jackson\jackson-mapper-asl\1.9.2\jackson-mapper-asl-1.9.2.jar;C:\Users\vdr_sakando\.m2\repository\org\codehaus\jackson\jackson-jaxrs\1.9.2\jackson-jaxrs-1.9.2.jar;C:\Users\vdr_sakando\.m2\repository\org\codehaus\jackson\jackson-xc\1.9.2\jackson-xc-1.9.2.jar;C:\Users\vdr_sakando\.m2\repository\javax\inject\javax.inject\1\javax.inject-1.jar;C:\Users\vdr_sakando\.m2\repository\com\microsoft\azure\adal4j\1.0.0\adal4j-1.0.0.jar;C:\Users\vdr_sakando\.m2\repository\com\nimbusds\oauth2-oidc-sdk\4.5\oauth2-oidc-sdk-4.5.jar;C:\Users\vdr_sakando\.m2\repository\net\jcip\jcip-annotations\1.0\jcip-annotations-1.0.jar;C:\Users\vdr_sakando\.m2\repository\com\nimbusds\lang-tag\1.4\lang-tag-1.4.jar;C:\Users\vdr_sakando\.m2\repository\com\nimbusds\nimbus-jose-jwt\3.1.2\nimbus-jose-jwt-3.1.2.jar;C:\Users\vdr_sakando\.m2\repository\org\bouncycastle\bcprov-jdk15on\1.51\bcprov-jdk15on-1.51.jar;C:\Users\vdr_sakando\.m2\repository\org\postgresql\postgresql\42.2.5\postgresql-42.2.5.jar;"/>
    <property name="java.vm.vendor" value="Oracle Corporation"/>
    <property name="sun.arch.data.model" value="64"/>
    <property name="user.variant" value=""/>
    <property name="java.vendor.url" value="https://openjdk.java.net/"/>
    <property name="user.timezone" value="UTC"/>
    <property name="java.vm.specification.version" value="11"/>
    <property name="os.name" value="Windows 10"/>
    <property name="sun.java.launcher" value="SUN_STANDARD"/>
    <property name="user.country" value="US"/>
    <property name="sun.boot.library.path" value="C:\Program Files\Java\jdk-11.0.15\bin"/>
    <property name="sun.java.command" value="C:\Users\vdr_sakando\AppData\Local\Temp\surefire287963247256360239\surefirebooter16518149776048193125.jar C:\Users\vdr_sakando\AppData\Local\Temp\surefire287963247256360239 2023-01-16T11-38-22_496-jvmRun1 surefire16145628809028952847tmp surefire_07741553365893755204tmp"/>
    <property name="jdk.debug" value="release"/>
    <property name="surefire.test.class.path" value="F:\Ether\Ether\QA\parata-database-testing-qa\target\test-classes;F:\Ether\Ether\QA\parata-database-testing-qa\target\classes;C:\Users\vdr_sakando\.m2\repository\com\qmetry\qaf-cucumber\3.0.0\qaf-cucumber-3.0.0.jar;C:\Users\vdr_sakando\.m2\repository\com\qmetry\qaf\3.0.0\qaf-3.0.0.jar;C:\Users\vdr_sakando\.m2\repository\org\hamcrest\hamcrest-core\1.3\hamcrest-core-1.3.jar;C:\Users\vdr_sakando\.m2\repository\org\hamcrest\hamcrest-library\1.3\hamcrest-library-1.3.jar;C:\Users\vdr_sakando\.m2\repository\com\sun\jersey\jersey-client\1.19\jersey-client-1.19.jar;C:\Users\vdr_sakando\.m2\repository\com\sun\jersey\jersey-core\1.19\jersey-core-1.19.jar;C:\Users\vdr_sakando\.m2\repository\javax\ws\rs\jsr311-api\1.1.1\jsr311-api-1.1.1.jar;C:\Users\vdr_sakando\.m2\repository\com\sun\jersey\contribs\jersey-multipart\1.19\jersey-multipart-1.19.jar;C:\Users\vdr_sakando\.m2\repository\org\jvnet\mimepull\mimepull\1.9.3\mimepull-1.9.3.jar;C:\Users\vdr_sakando\.m2\repository\com\sun\jersey\contribs\jersey-apache-client\1.17.1\jersey-apache-client-1.17.1.jar;C:\Users\vdr_sakando\.m2\repository\commons-httpclient\commons-httpclient\3.1\commons-httpclient-3.1.jar;C:\Users\vdr_sakando\.m2\repository\org\aspectj\aspectjrt\1.8.9\aspectjrt-1.8.9.jar;C:\Users\vdr_sakando\.m2\repository\org\aspectj\aspectjweaver\1.8.9\aspectjweaver-1.8.9.jar;C:\Users\vdr_sakando\.m2\repository\org\aspectj\aspectjtools\1.8.9\aspectjtools-1.8.9.jar;C:\Users\vdr_sakando\.m2\repository\net\sourceforge\jexcelapi\jxl\2.6.12\jxl-2.6.12.jar;C:\Users\vdr_sakando\.m2\repository\commons-configuration\commons-configuration\1.7\commons-configuration-1.7.jar;C:\Users\vdr_sakando\.m2\repository\commons-collections\commons-collections\3.2.1\commons-collections-3.2.1.jar;C:\Users\vdr_sakando\.m2\repository\commons-digester\commons-digester\1.8.1\commons-digester-1.8.1.jar;C:\Users\vdr_sakando\.m2\repository\commons-beanutils\commons-beanutils\1.8.3\commons-beanutils-1.8.3.jar;C:\Users\vdr_sakando\.m2\repository\commons-lang\commons-lang\2.6\commons-lang-2.6.jar;C:\Users\vdr_sakando\.m2\repository\commons-io\commons-io\2.5\commons-io-2.5.jar;C:\Users\vdr_sakando\.m2\repository\org\testng\testng\6.10\testng-6.10.jar;C:\Users\vdr_sakando\.m2\repository\com\beust\jcommander\1.48\jcommander-1.48.jar;C:\Users\vdr_sakando\.m2\repository\com\google\inject\guice\3.0\guice-3.0.jar;C:\Users\vdr_sakando\.m2\repository\aopalliance\aopalliance\1.0\aopalliance-1.0.jar;C:\Users\vdr_sakando\.m2\repository\velocity\velocity-dep\1.4\velocity-dep-1.4.jar;C:\Users\vdr_sakando\.m2\repository\org\seleniumhq\selenium\selenium-remote-driver\3.0.0\selenium-remote-driver-3.0.0.jar;C:\Users\vdr_sakando\.m2\repository\org\seleniumhq\selenium\selenium-api\3.0.0\selenium-api-3.0.0.jar;C:\Users\vdr_sakando\.m2\repository\cglib\cglib-nodep\3.2.4\cglib-nodep-3.2.4.jar;C:\Users\vdr_sakando\.m2\repository\org\apache\commons\commons-exec\1.3\commons-exec-1.3.jar;C:\Users\vdr_sakando\.m2\repository\com\google\guava\guava\19.0\guava-19.0.jar;C:\Users\vdr_sakando\.m2\repository\net\java\dev\jna\jna-platform\4.1.0\jna-platform-4.1.0.jar;C:\Users\vdr_sakando\.m2\repository\net\java\dev\jna\jna\4.1.0\jna-4.1.0.jar;C:\Users\vdr_sakando\.m2\repository\org\seleniumhq\selenium\selenium-java\3.0.0\selenium-java-3.0.0.jar;C:\Users\vdr_sakando\.m2\repository\org\seleniumhq\selenium\selenium-chrome-driver\3.0.0\selenium-chrome-driver-3.0.0.jar;C:\Users\vdr_sakando\.m2\repository\org\seleniumhq\selenium\selenium-edge-driver\3.0.0\selenium-edge-driver-3.0.0.jar;C:\Users\vdr_sakando\.m2\repository\org\seleniumhq\selenium\selenium-firefox-driver\3.0.0\selenium-firefox-driver-3.0.0.jar;C:\Users\vdr_sakando\.m2\repository\org\seleniumhq\selenium\selenium-ie-driver\3.0.0\selenium-ie-driver-3.0.0.jar;C:\Users\vdr_sakando\.m2\repository\org\seleniumhq\selenium\selenium-opera-driver\3.0.0\selenium-opera-driver-3.0.0.jar;C:\Users\vdr_sakando\.m2\repository\org\seleniumhq\selenium\selenium-safari-driver\3.0.0\selenium-safari-driver-3.0.0.jar;C:\Users\vdr_sakando\.m2\repository\io\netty\netty\3.5.7.Final\netty-3.5.7.Final.jar;C:\Users\vdr_sakando\.m2\repository\org\seleniumhq\selenium\selenium-support\3.0.0\selenium-support-3.0.0.jar;C:\Users\vdr_sakando\.m2\repository\org\json\json\20180813\json-20180813.jar;C:\Users\vdr_sakando\.m2\repository\io\cucumber\gherkin\5.2.0\gherkin-5.2.0.jar;C:\Users\vdr_sakando\.m2\repository\io\cucumber\gherkin-jvm-deps\1.0.6\gherkin-jvm-deps-1.0.6.jar;C:\Users\vdr_sakando\.m2\repository\io\cucumber\cucumber-java\5.7.0\cucumber-java-5.7.0.jar;C:\Users\vdr_sakando\.m2\repository\io\cucumber\cucumber-core\5.7.0\cucumber-core-5.7.0.jar;C:\Users\vdr_sakando\.m2\repository\io\cucumber\cucumber-gherkin\5.7.0\cucumber-gherkin-5.7.0.jar;C:\Users\vdr_sakando\.m2\repository\io\cucumber\cucumber-gherkin-vintage\5.7.0\cucumber-gherkin-vintage-5.7.0.jar;C:\Users\vdr_sakando\.m2\repository\io\cucumber\tag-expressions\2.0.4\tag-expressions-2.0.4.jar;C:\Users\vdr_sakando\.m2\repository\io\cucumber\cucumber-expressions\8.3.1\cucumber-expressions-8.3.1.jar;C:\Users\vdr_sakando\.m2\repository\io\cucumber\datatable\3.3.1\datatable-3.3.1.jar;C:\Users\vdr_sakando\.m2\repository\io\cucumber\cucumber-plugin\5.7.0\cucumber-plugin-5.7.0.jar;C:\Users\vdr_sakando\.m2\repository\io\cucumber\docstring\5.7.0\docstring-5.7.0.jar;C:\Users\vdr_sakando\.m2\repository\org\apiguardian\apiguardian-api\1.1.0\apiguardian-api-1.1.0.jar;C:\Users\vdr_sakando\.m2\repository\io\cucumber\cucumber-junit\5.7.0\cucumber-junit-5.7.0.jar;C:\Users\vdr_sakando\.m2\repository\junit\junit\4.13\junit-4.13.jar;C:\Users\vdr_sakando\.m2\repository\io\cucumber\cucumber-picocontainer\5.7.0\cucumber-picocontainer-5.7.0.jar;C:\Users\vdr_sakando\.m2\repository\org\picocontainer\picocontainer\2.15\picocontainer-2.15.jar;C:\Users\vdr_sakando\.m2\repository\io\rest-assured\rest-assured\4.4.0\rest-assured-4.4.0.jar;C:\Users\vdr_sakando\.m2\repository\org\codehaus\groovy\groovy\3.0.8\groovy-3.0.8.jar;C:\Users\vdr_sakando\.m2\repository\org\codehaus\groovy\groovy-xml\3.0.8\groovy-xml-3.0.8.jar;C:\Users\vdr_sakando\.m2\repository\org\apache\httpcomponents\httpclient\4.5.13\httpclient-4.5.13.jar;C:\Users\vdr_sakando\.m2\repository\org\apache\httpcomponents\httpcore\4.4.13\httpcore-4.4.13.jar;C:\Users\vdr_sakando\.m2\repository\commons-logging\commons-logging\1.2\commons-logging-1.2.jar;C:\Users\vdr_sakando\.m2\repository\commons-codec\commons-codec\1.11\commons-codec-1.11.jar;C:\Users\vdr_sakando\.m2\repository\org\apache\httpcomponents\httpmime\4.5.13\httpmime-4.5.13.jar;C:\Users\vdr_sakando\.m2\repository\org\hamcrest\hamcrest\2.1\hamcrest-2.1.jar;C:\Users\vdr_sakando\.m2\repository\org\ccil\cowan\tagsoup\tagsoup\1.2.1\tagsoup-1.2.1.jar;C:\Users\vdr_sakando\.m2\repository\io\rest-assured\json-path\4.4.0\json-path-4.4.0.jar;C:\Users\vdr_sakando\.m2\repository\org\codehaus\groovy\groovy-json\3.0.8\groovy-json-3.0.8.jar;C:\Users\vdr_sakando\.m2\repository\io\rest-assured\rest-assured-common\4.4.0\rest-assured-common-4.4.0.jar;C:\Users\vdr_sakando\.m2\repository\io\rest-assured\xml-path\4.4.0\xml-path-4.4.0.jar;C:\Users\vdr_sakando\.m2\repository\org\apache\commons\commons-lang3\3.11\commons-lang3-3.11.jar;C:\Users\vdr_sakando\.m2\repository\jakarta\xml\bind\jakarta.xml.bind-api\2.3.3\jakarta.xml.bind-api-2.3.3.jar;C:\Users\vdr_sakando\.m2\repository\jakarta\activation\jakarta.activation-api\1.2.2\jakarta.activation-api-1.2.2.jar;C:\Users\vdr_sakando\.m2\repository\com\sun\xml\bind\jaxb-impl\2.3.3\jaxb-impl-2.3.3.jar;C:\Users\vdr_sakando\.m2\repository\net\javacrumbs\json-unit\json-unit-assertj\2.28.0\json-unit-assertj-2.28.0.jar;C:\Users\vdr_sakando\.m2\repository\net\javacrumbs\json-unit\json-unit-core\2.28.0\json-unit-core-2.28.0.jar;C:\Users\vdr_sakando\.m2\repository\org\assertj\assertj-core\3.20.2\assertj-core-3.20.2.jar;C:\Users\vdr_sakando\.m2\repository\net\javacrumbs\json-unit\json-unit-json-path\2.28.0\json-unit-json-path-2.28.0.jar;C:\Users\vdr_sakando\.m2\repository\com\google\code\gson\gson\2.8.9\gson-2.8.9.jar;C:\Users\vdr_sakando\.m2\repository\org\slf4j\slf4j-log4j12\1.7.32\slf4j-log4j12-1.7.32.jar;C:\Users\vdr_sakando\.m2\repository\org\slf4j\slf4j-api\1.7.32\slf4j-api-1.7.32.jar;C:\Users\vdr_sakando\.m2\repository\log4j\log4j\1.2.17\log4j-1.2.17.jar;C:\Users\vdr_sakando\.m2\repository\com\jayway\jsonpath\json-path\2.6.0\json-path-2.6.0.jar;C:\Users\vdr_sakando\.m2\repository\net\minidev\json-smart\2.4.7\json-smart-2.4.7.jar;C:\Users\vdr_sakando\.m2\repository\net\minidev\accessors-smart\2.4.7\accessors-smart-2.4.7.jar;C:\Users\vdr_sakando\.m2\repository\org\ow2\asm\asm\9.1\asm-9.1.jar;C:\Users\vdr_sakando\.m2\repository\com\microsoft\sqlserver\mssql-jdbc\6.1.0.jre8\mssql-jdbc-6.1.0.jre8.jar;C:\Users\vdr_sakando\.m2\repository\com\microsoft\azure\azure-keyvault\0.9.3\azure-keyvault-0.9.3.jar;C:\Users\vdr_sakando\.m2\repository\com\microsoft\azure\azure-core\0.9.3\azure-core-0.9.3.jar;C:\Users\vdr_sakando\.m2\repository\javax\mail\mail\1.4.5\mail-1.4.5.jar;C:\Users\vdr_sakando\.m2\repository\javax\activation\activation\1.1\activation-1.1.jar;C:\Users\vdr_sakando\.m2\repository\com\sun\jersey\jersey-json\1.13\jersey-json-1.13.jar;C:\Users\vdr_sakando\.m2\repository\org\codehaus\jettison\jettison\1.1\jettison-1.1.jar;C:\Users\vdr_sakando\.m2\repository\stax\stax-api\1.0.1\stax-api-1.0.1.jar;C:\Users\vdr_sakando\.m2\repository\org\codehaus\jackson\jackson-core-asl\1.9.2\jackson-core-asl-1.9.2.jar;C:\Users\vdr_sakando\.m2\repository\org\codehaus\jackson\jackson-mapper-asl\1.9.2\jackson-mapper-asl-1.9.2.jar;C:\Users\vdr_sakando\.m2\repository\org\codehaus\jackson\jackson-jaxrs\1.9.2\jackson-jaxrs-1.9.2.jar;C:\Users\vdr_sakando\.m2\repository\org\codehaus\jackson\jackson-xc\1.9.2\jackson-xc-1.9.2.jar;C:\Users\vdr_sakando\.m2\repository\javax\inject\javax.inject\1\javax.inject-1.jar;C:\Users\vdr_sakando\.m2\repository\com\microsoft\azure\adal4j\1.0.0\adal4j-1.0.0.jar;C:\Users\vdr_sakando\.m2\repository\com\nimbusds\oauth2-oidc-sdk\4.5\oauth2-oidc-sdk-4.5.jar;C:\Users\vdr_sakando\.m2\repository\net\jcip\jcip-annotations\1.0\jcip-annotations-1.0.jar;C:\Users\vdr_sakando\.m2\repository\com\nimbusds\lang-tag\1.4\lang-tag-1.4.jar;C:\Users\vdr_sakando\.m2\repository\com\nimbusds\nimbus-jose-jwt\3.1.2\nimbus-jose-jwt-3.1.2.jar;C:\Users\vdr_sakando\.m2\repository\org\bouncycastle\bcprov-jdk15on\1.51\bcprov-jdk15on-1.51.jar;C:\Users\vdr_sakando\.m2\repository\org\postgresql\postgresql\42.2.5\postgresql-42.2.5.jar;"/>
    <property name="sun.cpu.endian" value="little"/>
    <property name="user.home" value="C:\Users\vdr_sakando"/>
    <property name="user.language" value="en"/>
    <property name="java.specification.vendor" value="Oracle Corporation"/>
    <property name="java.version.date" value="2022-04-19"/>
    <property name="java.home" value="C:\Program Files\Java\jdk-11.0.15"/>
    <property name="file.separator" value="\"/>
    <property name="basedir" value="F:\Ether\Ether\QA\parata-database-testing-qa"/>
    <property name="java.vm.compressedOopsMode" value="Zero based"/>
    <property name="line.separator" value="&#10;"/>
    <property name="java.specification.name" value="Java Platform API Specification"/>
    <property name="java.vm.specification.vendor" value="Oracle Corporation"/>
    <property name="java.awt.graphicsenv" value="sun.awt.Win32GraphicsEnvironment"/>
    <property name="surefire.real.class.path" value="C:\Users\vdr_sakando\AppData\Local\Temp\surefire287963247256360239\surefirebooter16518149776048193125.jar"/>
    <property name="user.script" value=""/>
    <property name="sun.management.compiler" value="HotSpot 64-Bit Tiered Compilers"/>
    <property name="java.runtime.version" value="11.0.15+8-LTS-149"/>
    <property name="user.name" value="vdr_sakando"/>
    <property name="path.separator" value=";"/>
    <property name="os.version" value="10.0"/>
    <property name="java.runtime.name" value="Java(TM) SE Runtime Environment"/>
    <property name="file.encoding" value="Cp1252"/>
    <property name="java.vm.name" value="Java HotSpot(TM) 64-Bit Server VM"/>
    <property name="java.vendor.version" value="18.9"/>
    <property name="localRepository" value="C:\Users\vdr_sakando\.m2\repository"/>
    <property name="java.vendor.url.bug" value="https://bugreport.java.com/bugreport/"/>
    <property name="java.io.tmpdir" value="C:\Users\vdr_sakando\AppData\Local\Temp\"/>
    <property name="java.version" value="11.0.15"/>
    <property name="user.dir" value="F:\Ether\Ether\QA\parata-database-testing-qa"/>
    <property name="os.arch" value="amd64"/>
    <property name="java.vm.specification.name" value="Java Virtual Machine Specification"/>
    <property name="java.awt.printerjob" value="sun.awt.windows.WPrinterJob"/>
    <property name="sun.os.patch.level" value=""/>
    <property name="java.library.path" value="C:\Program Files\Java\jdk-11.0.15\bin;C:\windows\Sun\Java\bin;C:\windows\system32;C:\windows;C:\Program Files\Common Files\Oracle\Java\javapath;C:\Program Files\Java\jdk-11.0.15\bin;F:\Ether\Ether\QA\apache-maven-3.8.4-bin\apache-maven-3.8.4\bin;C:\Program Files\nodejs\;C:\Users\vdr_sakando\AppData\Local\Microsoft\WindowsApps;C:\Program Files\Azure Data Studio\bin;C:\Users\vdr_sakando\.dotnet\tools;C:\Users\vdr_sakando\AppData\Roaming\npm;."/>
    <property name="java.vendor" value="Oracle Corporation"/>
    <property name="java.vm.info" value="mixed mode"/>
    <property name="java.vm.version" value="11.0.15+8-LTS-149"/>
    <property name="sun.io.unicode.encoding" value="UnicodeLittle"/>
    <property name="java.class.version" value="55.0"/>
  </properties>
</testsuite>